#
# There is insufficient memory for the Java Runtime Environment to continue.
# Native memory allocation (mmap) failed to map 232783872 bytes for G1 virtual space
# Possible reasons:
#   The system is out of physical RAM or swap space
#   The process is running with CompressedOops enabled, and the Java Heap may be blocking the growth of the native heap
# Possible solutions:
#   Reduce memory load on the system
#   Increase physical memory or swap space
#   Check if swap backing store is full
#   Decrease Java heap size (-Xmx/-Xms)
#   Decrease number of Java threads
#   Decrease Java thread stack sizes (-Xss)
#   Set larger code cache with -XX:ReservedCodeCacheSize=
#   JVM is running with Zero Based Compressed Oops mode in which the Java heap is
#     placed in the first 32GB address space. The Java Heap base address is the
#     maximum limit for the native heap growth. Please use -XX:HeapBaseMinAddress
#     to set the Java Heap base and to place the Java Heap above 32GB virtual address.
# This output file may be truncated or incomplete.
#
#  Out of Memory Error (os_windows.cpp:3825), pid=19948, tid=24204
#
# JRE version:  (17.0.9+7) (build )
# Java VM: OpenJDK 64-Bit Server VM (17.0.9+7-b1087.7, mixed mode, sharing, tiered, compressed oops, compressed class ptrs, g1 gc, windows-amd64)
# No core dump will be written. Minidumps are not enabled by default on client versions of Windows
#

---------------  S U M M A R Y ------------

Command Line: git4idea.http.GitAskPassApp Username for 'https://github.com': 

Host: AMD Ryzen 5 5600H with Radeon Graphics         , 12 cores, 13G,  Windows 11 , 64 bit Build 22621 (10.0.22621.2506)
Time: Thu Feb 22 20:07:02 2024 Central Asia Standard Time elapsed time: 0.007567 seconds (0d 0h 0m 0s)

---------------  T H R E A D  ---------------

Current thread (0x000001b65ac7cf80):  JavaThread "Unknown thread" [_thread_in_vm, id=24204, stack(0x0000001419000000,0x0000001419100000)]

Stack: [0x0000001419000000,0x0000001419100000]
Native frames: (J=compiled Java code, j=interpreted, Vv=VM code, C=native code)
V  [jvm.dll+0x6886e9]
V  [jvm.dll+0x841e4a]
V  [jvm.dll+0x843a8e]
V  [jvm.dll+0x8440f3]
V  [jvm.dll+0x24c14f]
V  [jvm.dll+0x685499]
V  [jvm.dll+0x679c2a]
V  [jvm.dll+0x30cf9b]
V  [jvm.dll+0x314446]
V  [jvm.dll+0x36425e]
V  [jvm.dll+0x36448f]
V  [jvm.dll+0x2e2d68]
V  [jvm.dll+0x2e3cd4]
V  [jvm.dll+0x8129f1]
V  [jvm.dll+0x3720c1]
V  [jvm.dll+0x7f152c]
V  [jvm.dll+0x3f5d4f]
V  [jvm.dll+0x3f7981]
C  [jli.dll+0x528f]
C  [ucrtbase.dll+0x29363]
C  [KERNEL32.DLL+0x1257d]
C  [ntdll.dll+0x5aa58]


---------------  P R O C E S S  ---------------

Threads class SMR info:
_java_thread_list=0x00007fff345aef18, length=0, elements={
}

Java Threads: ( => current thread )

Other Threads:
  0x000001b65acdf010 GCTaskThread "GC Thread#0" [stack: 0x0000001419100000,0x0000001419200000] [id=22956]
  0x000001b65acedd20 ConcurrentGCThread "G1 Main Marker" [stack: 0x0000001419200000,0x0000001419300000] [id=20288]
  0x000001b65aceeee0 ConcurrentGCThread "G1 Conc#0" [stack: 0x0000001419300000,0x0000001419400000] [id=184]

[error occurred during error reporting (printing all threads), id 0xc0000005, EXCEPTION_ACCESS_VIOLATION (0xc0000005) at pc=0x00007fff33d63937]

VM state: not at safepoint (not fully initialized)

VM Mutex/Monitor currently owned by a thread:  ([mutex/lock_event])
[0x000001b65ac78cf0] Heap_lock - owner thread: 0x000001b65ac7cf80

Heap address: 0x0000000722400000, size: 3548 MB, Compressed Oops mode: Zero based, Oop shift amount: 3

CDS archive(s) mapped at: [0x0000000000000000-0x0000000000000000-0x0000000000000000), size 0, SharedBaseAddress: 0x0000000800000000, ArchiveRelocationMode: 1.
Narrow klass base: 0x0000000000000000, Narrow klass shift: 0, Narrow klass range: 0x0

GC Precious Log:
<Empty>

Heap:
 garbage-first heap   total 0K, used 0K [0x0000000722400000, 0x0000000800000000)
  region size 2048K, 0 young (0K), 0 survivors (0K)
 Metaspace       used 0K, committed 0K, reserved 0K
  class space    used 0K, committed 0K, reserved 0K

Heap Regions: E=young(eden), S=young(survivor), O=old, HS=humongous(starts), HC=humongous(continues), CS=collection set, F=free, OA=open archive, CA=closed archive, TAMS=top-at-mark-start (previous, next)

Card table byte_map: [0x000001b66e040000,0x000001b66e730000] _byte_map_base: 0x000001b66a72e000

Marking Bits (Prev, Next): (CMBitMap*) 0x000001b65acdf630, (CMBitMap*) 0x000001b65acdf670
 Prev Bits: [0x000001b66ee20000, 0x000001b672590000)
 Next Bits: [0x000001b672590000, 0x000001b675d00000)

GC Heap History (0 events):
No events

Dll operation events (1 events):
Event: 0.005 Loaded shared library C:\Program Files\JetBrains\GoLand 2023.3\jbr\bin\java.dll

Deoptimization events (0 events):
No events

Classes unloaded (0 events):
No events

Classes redefined (0 events):
No events

Internal exceptions (0 events):
No events

VM Operations (0 events):
No events

Events (0 events):
No events


Dynamic libraries:
0x00007ff60cec0000 - 0x00007ff60ceca000 	C:\Program Files\JetBrains\GoLand 2023.3\jbr\bin\java.exe
0x00007fff8bfb0000 - 0x00007fff8c1c7000 	C:\WINDOWS\SYSTEM32\ntdll.dll
0x00007fff8ae00000 - 0x00007fff8aec4000 	C:\WINDOWS\System32\KERNEL32.DLL
0x00007fff89500000 - 0x00007fff898a6000 	C:\WINDOWS\System32\KERNELBASE.dll
0x00007fff892f0000 - 0x00007fff89401000 	C:\WINDOWS\System32\ucrtbase.dll
0x00007fff7f1b0000 - 0x00007fff7f1c7000 	C:\Program Files\JetBrains\GoLand 2023.3\jbr\bin\jli.dll
0x00007fff72fa0000 - 0x00007fff72fbb000 	C:\Program Files\JetBrains\GoLand 2023.3\jbr\bin\VCRUNTIME140.dll
0x00007fff8a8b0000 - 0x00007fff8aa5e000 	C:\WINDOWS\System32\USER32.dll
0x00007fff78d40000 - 0x00007fff78fd3000 	C:\WINDOWS\WinSxS\amd64_microsoft.windows.common-controls_6595b64144ccf1df_6.0.22621.2506_none_270c5ae97388e100\COMCTL32.dll
0x00007fff89930000 - 0x00007fff89956000 	C:\WINDOWS\System32\win32u.dll
0x00007fff8aed0000 - 0x00007fff8af77000 	C:\WINDOWS\System32\msvcrt.dll
0x00007fff8bab0000 - 0x00007fff8bad9000 	C:\WINDOWS\System32\GDI32.dll
0x00007fff89be0000 - 0x00007fff89cf8000 	C:\WINDOWS\System32\gdi32full.dll
0x00007fff89960000 - 0x00007fff899fa000 	C:\WINDOWS\System32\msvcp_win.dll
0x00007fff8a710000 - 0x00007fff8a741000 	C:\WINDOWS\System32\IMM32.DLL
0x00007fff73bf0000 - 0x00007fff73bfc000 	C:\Program Files\JetBrains\GoLand 2023.3\jbr\bin\vcruntime140_1.dll
0x00007fff66f80000 - 0x00007fff6700d000 	C:\Program Files\JetBrains\GoLand 2023.3\jbr\bin\msvcp140.dll
0x00007fff33a70000 - 0x00007fff346f3000 	C:\Program Files\JetBrains\GoLand 2023.3\jbr\bin\server\jvm.dll
0x00007fff8b120000 - 0x00007fff8b1d3000 	C:\WINDOWS\System32\ADVAPI32.dll
0x00007fff8ac40000 - 0x00007fff8ace8000 	C:\WINDOWS\System32\sechost.dll
0x00007fff89410000 - 0x00007fff89438000 	C:\WINDOWS\System32\bcrypt.dll
0x00007fff89e40000 - 0x00007fff89f57000 	C:\WINDOWS\System32\RPCRT4.dll
0x00007fff891c0000 - 0x00007fff8920d000 	C:\WINDOWS\SYSTEM32\POWRPROF.dll
0x00007fff811b0000 - 0x00007fff811e4000 	C:\WINDOWS\SYSTEM32\WINMM.dll
0x00007fff66b10000 - 0x00007fff66b19000 	C:\WINDOWS\SYSTEM32\WSOCK32.dll
0x00007fff80150000 - 0x00007fff8015a000 	C:\WINDOWS\SYSTEM32\VERSION.dll
0x00007fff8aba0000 - 0x00007fff8ac11000 	C:\WINDOWS\System32\WS2_32.dll
0x00007fff891a0000 - 0x00007fff891b3000 	C:\WINDOWS\SYSTEM32\UMPDC.dll
0x00007fff88320000 - 0x00007fff88338000 	C:\WINDOWS\SYSTEM32\kernel.appcore.dll
0x00007fff86060000 - 0x00007fff8606a000 	C:\Program Files\JetBrains\GoLand 2023.3\jbr\bin\jimage.dll
0x00007fff86d10000 - 0x00007fff86f43000 	C:\WINDOWS\SYSTEM32\DBGHELP.DLL
0x00007fff89f60000 - 0x00007fff8a2e9000 	C:\WINDOWS\System32\combase.dll
0x00007fff8aac0000 - 0x00007fff8ab97000 	C:\WINDOWS\System32\OLEAUT32.dll
0x00007fff6de90000 - 0x00007fff6dec2000 	C:\WINDOWS\SYSTEM32\dbgcore.DLL
0x00007fff898b0000 - 0x00007fff8992a000 	C:\WINDOWS\System32\bcryptPrimitives.dll
0x00007fff846c0000 - 0x00007fff846e5000 	C:\Program Files\JetBrains\GoLand 2023.3\jbr\bin\java.dll

dbghelp: loaded successfully - version: 4.0.5 - missing functions: none
symbol engine: initialized successfully - sym options: 0x614 - pdb path: .;C:\Program Files\JetBrains\GoLand 2023.3\jbr\bin;C:\WINDOWS\SYSTEM32;C:\WINDOWS\WinSxS\amd64_microsoft.windows.common-controls_6595b64144ccf1df_6.0.22621.2506_none_270c5ae97388e100;C:\Program Files\JetBrains\GoLand 2023.3\jbr\bin\server

VM Arguments:
java_command: git4idea.http.GitAskPassApp Username for 'https://github.com': 
java_class_path (initial): C:/Program Files/JetBrains/GoLand 2023.3/plugins/vcs-git/lib/git4idea-rt.jar;C:/Program Files/JetBrains/GoLand 2023.3/lib/externalProcess-rt.jar
Launcher Type: SUN_STANDARD

[Global flags]
     intx CICompilerCount                          = 4                                         {product} {ergonomic}
     uint ConcGCThreads                            = 3                                         {product} {ergonomic}
     uint G1ConcRefinementThreads                  = 10                                        {product} {ergonomic}
   size_t G1HeapRegionSize                         = 2097152                                   {product} {ergonomic}
    uintx GCDrainStackTargetSize                   = 64                                        {product} {ergonomic}
   size_t InitialHeapSize                          = 232783872                                 {product} {ergonomic}
   size_t MarkStackSize                            = 4194304                                   {product} {ergonomic}
   size_t MaxHeapSize                              = 3720347648                                {product} {ergonomic}
   size_t MinHeapDeltaBytes                        = 2097152                                   {product} {ergonomic}
   size_t MinHeapSize                              = 8388608                                   {product} {ergonomic}
    uintx NonNMethodCodeHeapSize                   = 5839372                                {pd product} {ergonomic}
    uintx NonProfiledCodeHeapSize                  = 122909434                              {pd product} {ergonomic}
    uintx ProfiledCodeHeapSize                     = 122909434                              {pd product} {ergonomic}
    uintx ReservedCodeCacheSize                    = 251658240                              {pd product} {ergonomic}
     bool SegmentedCodeCache                       = true                                      {product} {ergonomic}
   size_t SoftMaxHeapSize                          = 3720347648                             {manageable} {ergonomic}
     bool UseCompressedClassPointers               = true                           {product lp64_product} {ergonomic}
     bool UseCompressedOops                        = true                           {product lp64_product} {ergonomic}
     bool UseG1GC                                  = true                                      {product} {ergonomic}
     bool UseLargePagesIndividualAllocation        = false                                  {pd product} {ergonomic}

Logging:
Log output configuration:
 #0: stdout all=warning uptime,level,tags
 #1: stderr all=off uptime,level,tags

Environment Variables:
PATH=C:\Program Files\Git\mingw64\libexec\git-core;C:\Program Files\Git\mingw64\libexec\git-core;C:\Program Files\Git\mingw64\bin;C:\Program Files\Git\usr\bin;C:\Users\тенелбек\bin;C:\Program Files (x86)\VMware\VMware Workstation\bin;C:\Windows\system32;C:\Program Files\NVIDIA Corporation\NVIDIA NvDLISR;C:\Program Files\Git\cmd;C:\ProgramData\chocolatey\bin;C:\Program Files\nodejs;C:\Program Files\dotnet;C:\Program Files\MongoDB\mongosh-2.1.1-win32-x64\bin;C:\WINDOWS\system32;C:\WINDOWS;C:\WINDOWS\System32\Wbem;C:\WINDOWS\System32\WindowsPowerShell\v1.0;C:\WINDOWS\System32\OpenSSH;C:\Program Files\MongoDB\Tools\100\bin;C:\Python36\Scripts;C:\Users\тенелбек\AppData\Local\Programs\Microsoft VS Code\bin;C:\Users\тенелбек\PycharmProjects\Telegram\venv\Scripts;C:\Users\тенелбек\AppData\Roaming\npm;%USERPROFILE%\AppData\Local\Microsoft\WindowsApps
USERNAME=тенелбек
DISPLAY=:0.0
LC_ALL=en_US.UTF-8
TERM=xterm-256color
TMPDIR=C:\Users\154F~1\AppData\Local\Temp
OS=Windows_NT
PROCESSOR_IDENTIFIER=AMD64 Family 25 Model 80 Stepping 0, AuthenticAMD
TMP=C:\Users\154F~1\AppData\Local\Temp
TEMP=C:\Users\154F~1\AppData\Local\Temp



Periodic native trim disabled

JNI global refs:
JNI global refs: 0, weak refs: 0

JNI global refs memory usage: 0, weak refs: 0

OOME stack traces (most recent first):
Classloader memory used:


---------------  S Y S T E M  ---------------

OS:
 Windows 11 , 64 bit Build 22621 (10.0.22621.2506)
OS uptime: 0 days 6:33 hours

CPU: total 12 (initial active 12) (12 cores per cpu, 2 threads per core) family 25 model 80 stepping 0 microcode 0x0, cx8, cmov, fxsr, ht, mmx, 3dnowpref, sse, sse2, sse3, ssse3, sse4a, sse4.1, sse4.2, popcnt, lzcnt, tsc, tscinvbit, avx, avx2, aes, erms, clmul, bmi1, bmi2, adx, sha, fma, vzeroupper, clflush, clflushopt
Processor Information for processor 0
  Max Mhz: 3301, Current Mhz: 3301, Mhz Limit: 3301
Processor Information for processor 1
  Max Mhz: 3301, Current Mhz: 2630, Mhz Limit: 3301
Processor Information for processor 2
  Max Mhz: 3301, Current Mhz: 2630, Mhz Limit: 3301
Processor Information for processor 3
  Max Mhz: 3301, Current Mhz: 2630, Mhz Limit: 3301
Processor Information for processor 4
  Max Mhz: 3301, Current Mhz: 2630, Mhz Limit: 3301
Processor Information for processor 5
  Max Mhz: 3301, Current Mhz: 2630, Mhz Limit: 3301
Processor Information for processor 6
  Max Mhz: 3301, Current Mhz: 2630, Mhz Limit: 3301
Processor Information for processor 7
  Max Mhz: 3301, Current Mhz: 2630, Mhz Limit: 3301
Processor Information for processor 8
  Max Mhz: 3301, Current Mhz: 3301, Mhz Limit: 3301
Processor Information for processor 9
  Max Mhz: 3301, Current Mhz: 2630, Mhz Limit: 3301
Processor Information for processor 10
  Max Mhz: 3301, Current Mhz: 3301, Mhz Limit: 3301
Processor Information for processor 11
  Max Mhz: 3301, Current Mhz: 2630, Mhz Limit: 3301

Memory: 4k page, system-wide physical 14188M (1917M free)
TotalPageFile size 18905M (AvailPageFile size 226M)
current process WorkingSet (physical memory assigned to process): 11M, peak: 11M
current process commit charge ("private bytes"): 64M, peak: 286M

vm_info: OpenJDK 64-Bit Server VM (17.0.9+7-b1087.7) for windows-amd64 JRE (17.0.9+7-b1087.7), built on 2023-11-17 by "builduser" with MS VC++ 16.10 / 16.11 (VS2019)

END.
